Wed Dec 06 17:38:10 CET 2017 : Apache Derby Network Server - 10.11.1.2 - (1629631) démarré et prêt à accepter les connexions sur le port 1527
----------------------------------------------------------------
Wed Dec 06 17:38:10 CET 2017:
Amorçage de Derby version The Apache Software Foundation - Apache Derby - 10.11.1.2 - (1629631) : instance a816c00e-0160-2cb1-1249-00002f6d1a11 
dans le répertoire de base de données C:\Users\nezha\Documents\NetBeansProjects\a-balde-m-elbejjati-k-kayani\Database\hornetProject avec le chargeur de classe sun.misc.Launcher$AppClassLoader@6f94fa3e
Chargé de file:/C:/Program%20Files/Java/jdk1.8.0_121/db/lib/derby.jar
java.vendor=Oracle Corporation
java.runtime.version=1.8.0_121-b13
user.dir=C:\Program Files\Java\jdk1.8.0_121\db
os.name=Windows 10
os.arch=amd64
os.version=10.0
derby.system.home=C:\Users\nezha\Documents\NetBeansProjects\a-balde-m-elbejjati-k-kayani\Database
Chargeur de classe de la base de données démarré - derby.database.classpath = ''
----------------------------------------------------------------
Wed Dec 06 17:38:18 CET 2017:
Fermeture de l'instance a816c00e-0160-2cb1-1249-00002f6d1a11 sur le répertoire de base de données C:\Users\nezha\Documents\NetBeansProjects\a-balde-m-elbejjati-k-kayani\Database\hornetProject avec le chargeur de classe sun.misc.Launcher$AppClassLoader@6f94fa3e 
Wed Dec 06 17:38:18 CET 2017 Thread[DRDAConnThread_3,5,main] (DATABASE = hornetProject), (DRDAID = {2}), Arrêt de la base de données 'hornetProject'.
----------------------------------------------------------------
Wed Dec 06 17:38:41 CET 2017:
Amorçage de Derby version The Apache Software Foundation - Apache Derby - 10.11.1.2 - (1629631) : instance a65c80ac-0160-2cb1-1249-00002f6d1a11 
dans le répertoire de base de données C:\Users\nezha\Documents\NetBeansProjects\a-balde-m-elbejjati-k-kayani\Database\hornetProject avec le chargeur de classe sun.misc.Launcher$AppClassLoader@6f94fa3e
Chargé de file:/C:/Program%20Files/Java/jdk1.8.0_121/db/lib/derby.jar
java.vendor=Oracle Corporation
java.runtime.version=1.8.0_121-b13
user.dir=C:\Program Files\Java\jdk1.8.0_121\db
os.name=Windows 10
os.arch=amd64
os.version=10.0
derby.system.home=C:\Users\nezha\Documents\NetBeansProjects\a-balde-m-elbejjati-k-kayani\Database
Chargeur de classe de la base de données démarré - derby.database.classpath = ''
